<?xml version="1.0" encoding="UTF-8"?>
<testng-results ignored="0" total="1" passed="1" failed="0" skipped="0">
  <reporter-output>
  </reporter-output>
  <suite started-at="2025-03-03T14:01:58Z" name="Default suite" finished-at="2025-03-03T14:02:33Z" duration-ms="35093">
    <groups>
    </groups>
    <test started-at="2025-03-03T14:01:58Z" name="Default test" finished-at="2025-03-03T14:02:33Z" duration-ms="35093">
      <class name="com.selenium.basicTests.WebsiteTest">
        <test-method signature="testingYoutube()[pri:0, instance:com.selenium.basicTests.WebsiteTest@2f953efd]" started-at="2025-03-03T14:01:58Z" name="testingYoutube" finished-at="2025-03-03T14:02:33Z" duration-ms="35070" status="PASS">
          <reporter-output>
          </reporter-output>
        </test-method> <!-- testingYoutube -->
      </class> <!-- com.selenium.basicTests.WebsiteTest -->
    </test> <!-- Default test -->
  </suite> <!-- Default suite -->
</testng-results>
