<?xml version="1.0" encoding="UTF-8"?>
<testng-results ignored="0" total="1" passed="1" failed="0" skipped="0">
  <reporter-output>
  </reporter-output>
  <suite started-at="2025-03-09T10:00:18Z" name="Default suite" finished-at="2025-03-09T10:00:53Z" duration-ms="34449">
    <groups>
    </groups>
    <test started-at="2025-03-09T10:00:18Z" name="Default test" finished-at="2025-03-09T10:00:53Z" duration-ms="34449">
      <class name="com.selenium.basicTests.BrowserCLATest">
        <test-method is-config="true" signature="doBeforeTest()[pri:0, instance:com.selenium.basicTests.BrowserCLATest@6440112d]" started-at="2025-03-09T10:00:18Z" name="doBeforeTest" finished-at="2025-03-09T10:00:18Z" duration-ms="4" status="PASS">
          <reporter-output>
          </reporter-output>
        </test-method> <!-- doBeforeTest -->
        <test-method signature="testingWebsiteOnInputBrowser()[pri:0, instance:com.selenium.basicTests.BrowserCLATest@6440112d]" started-at="2025-03-09T10:00:18Z" name="testingWebsiteOnInputBrowser" finished-at="2025-03-09T10:00:53Z" duration-ms="34409" status="PASS">
          <reporter-output>
          </reporter-output>
        </test-method> <!-- testingWebsiteOnInputBrowser -->
        <test-method is-config="true" signature="doAfterTest()[pri:0, instance:com.selenium.basicTests.BrowserCLATest@6440112d]" started-at="2025-03-09T10:00:53Z" name="doAfterTest" finished-at="2025-03-09T10:00:53Z" duration-ms="8" status="PASS">
          <reporter-output>
          </reporter-output>
        </test-method> <!-- doAfterTest -->
      </class> <!-- com.selenium.basicTests.BrowserCLATest -->
    </test> <!-- Default test -->
  </suite> <!-- Default suite -->
</testng-results>
